avg-cpu:  %user   %nice %system %iowait  %steal   %idle
           7.30    0.00    1.50    0.33    2.17   88.70

Device:            tps    kB_read/s    kB_wrtn/s    kB_read    kB_wrtn
sda1              2.34         6.37        17.13   28109808   75636708
sda2              1.27        11.39        11.42   50284100   50407144
sdb1              7.11        28.80        28.22  127150441  124602856

avg-cpu:  %user   %nice %system %iowait  %steal   %idle
          18.00    0.00    0.88    0.12    2.12   79.12

Device:            tps    kB_read/s    kB_wrtn/s    kB_read    kB_wrtn
sda1              2.50         0.00        36.00          0         20
sda2              0.00         0.00         0.00         10          0
sdb1             29.50         0.00       846.00          0         30

avg-cpu:  %user   %nice %system %iowait  %steal   %idle
          1.5    0.00    0.13    0.00    0.25   88.49

Device:            tps    kB_read/s    kB_wrtn/s    kB_read    kB_wrtn
sda1              0.00         0.00         0.00          0          0
sda2              0.00         0.00         0.00          1          0
sdb1              0.00         0.00         0.00          3          4

avg-cpu:  %user   %nice %system %iowait  %steal   %idle
          13.5    0.00    0.50    0.00    0.75   87.66

Device:            tps    kB_read/s    kB_wrtn/s    kB_read    kB_wrtn
sda1              3.50         0.00        40.00       3000          0
sda2              0.00         0.00         0.00          0          0
sdb1              1.50         0.00        18.00          0       5000 

avg-cpu:  %user   %nice %system %iowait  %steal   %idle
           9.76    0.00    0.50    0.00    0.88   88.86

Device:            tps    kB_read/s    kB_wrtn/s    kB_read    kB_wrtn
sda1              0.00         0.00         0.00          0          0
sda2              0.00         0.00         0.00          0          0
sdb1              0.00         0.00         0.00          0          0

avg-cpu:  %user   %nice %system %iowait  %steal   %idle
           4.01    0.00    0.25    0.00    0.25   95.49

Device:            tps    kB_read/s    kB_wrtn/s    kB_read    kB_wrtn
sda1              0.00         0.00         0.00          0          0
sda2              0.00         0.00         0.00          0          0
sdb1              0.00         0.00         0.00          0          0

avg-cpu:  %user   %nice %system %iowait  %steal   %idle
          18.98    0.00    0.87    0.00    1.37   78.78

Device:            tps    kB_read/s    kB_wrtn/s    kB_read    kB_wrtn
sda1             14.50         0.00        78.00          0        156
sda2              0.00         0.00         0.00          0          0
sdb1              1.00         0.00        16.00          0         32

avg-cpu:  %user   %nice %system %iowait  %steal   %idle
           8.99    0.00    0.62    4.37    1.00   85.02

Device:            tps    kB_read/s    kB_wrtn/s    kB_read    kB_wrtn
sda1              0.00         0.00         0.00          0          0
sda2              0.00         0.00         0.00          0          0
sdb1             48.50       194.00         0.00        388          0

avg-cpu:  %user   %nice %system %iowait  %steal   %idle
           9.12    0.00    0.38    0.00    2.00   88.50

Device:            tps    kB_read/s    kB_wrtn/s    kB_read    kB_wrtn
sda1              8.00         0.00        68.00          0        136
sda2              0.00         0.00         0.00          0          0
sdb1              4.50         0.00        36.00          0         72

avg-cpu:  %user   %nice %system %iowait  %steal   %idle
          11.26    0.00    0.88    0.00    0.88   86.98

Device:            tps    kB_read/s    kB_wrtn/s    kB_read    kB_wrtn
sda1              0.00         0.00         0.00          0          0
sda2              0.00         0.00         0.00          0          0
sdb1              0.00         0.00         0.00          0          0

avg-cpu:  %user   %nice %system %iowait  %steal   %idle
           5.99    0.00    0.25    0.00    0.25   93.51

Device:            tps    kB_read/s    kB_wrtn/s    kB_read    kB_wrtn
sda1              0.00         0.00         0.00          0          0
sda2              0.00         0.00         0.00          0          0
sdb1              0.00         0.00         0.00          0          0

avg-cpu:  %user   %nice %system %iowait  %steal   %idle
          11.15    0.00    1.80    0.60    0.96   85.49

Device:            tps    kB_read/s    kB_wrtn/s    kB_read    kB_wrtn
sda1              5.74         0.00        53.59          0        112
sda2              0.96        15.31         0.00         32          0
sdb1              0.96         0.00        15.31          0         32

